2020-07-12 12:09:26,125 [main] INFO  com.jingriyouxi.auth.AuthApplication - The following profiles are active: dev
2020-07-12 12:09:30,199 [main] INFO  org.springframework.data.repository.config.RepositoryConfigurationDelegate - Multiple Spring Data modules found, entering strict repository configuration mode!
2020-07-12 12:09:30,208 [main] INFO  org.springframework.data.repository.config.RepositoryConfigurationDelegate - Bootstrapping Spring Data Redis repositories in DEFAULT mode.
2020-07-12 12:09:30,362 [main] INFO  org.springframework.data.repository.config.RepositoryConfigurationDelegate - Finished Spring Data repository scanning in 53ms. Found 0 Redis repository interfaces.
2020-07-12 12:09:32,612 [main] INFO  org.springframework.cloud.context.scope.GenericScope - BeanFactory id=5942cae3-4713-3e39-b884-e5c6257c4497
2020-07-12 12:09:35,832 [main] INFO  org.springframework.boot.web.embedded.tomcat.TomcatWebServer - Tomcat initialized with port(s): 8081 (http)
2020-07-12 12:09:35,860 [main] INFO  org.apache.coyote.http11.Http11NioProtocol - Initializing ProtocolHandler ["http-nio-8081"]
2020-07-12 12:09:35,862 [main] INFO  org.apache.catalina.core.StandardService - Starting service [Tomcat]
2020-07-12 12:09:35,862 [main] INFO  org.apache.catalina.core.StandardEngine - Starting Servlet engine: [Apache Tomcat/9.0.31]
2020-07-12 12:09:36,387 [main] INFO  org.apache.catalina.core.ContainerBase.[Tomcat].[localhost].[/] - Initializing Spring embedded WebApplicationContext
2020-07-12 12:09:36,387 [main] INFO  org.springframework.web.context.ContextLoader - Root WebApplicationContext: initialization completed in 10205 ms
2020-07-12 12:09:41,230 [main] INFO  org.apache.catalina.core.StandardService - Stopping service [Tomcat]
2020-07-12 12:09:41,272 [main] INFO  o.s.boot.autoconfigure.logging.ConditionEvaluationReportLoggingListener - 

Error starting ApplicationContext. To display the conditions report re-run your application with 'debug' enabled.
2020-07-12 12:32:47,727 [main] INFO  com.jingriyouxi.auth.AuthApplication - The following profiles are active: dev
2020-07-12 12:32:49,758 [main] INFO  org.springframework.data.repository.config.RepositoryConfigurationDelegate - Multiple Spring Data modules found, entering strict repository configuration mode!
2020-07-12 12:32:49,763 [main] INFO  org.springframework.data.repository.config.RepositoryConfigurationDelegate - Bootstrapping Spring Data Redis repositories in DEFAULT mode.
2020-07-12 12:32:49,820 [main] INFO  org.springframework.data.repository.config.RepositoryConfigurationDelegate - Finished Spring Data repository scanning in 27ms. Found 0 Redis repository interfaces.
2020-07-12 12:32:50,694 [main] INFO  org.springframework.cloud.context.scope.GenericScope - BeanFactory id=5942cae3-4713-3e39-b884-e5c6257c4497
2020-07-12 12:32:51,900 [main] INFO  org.springframework.boot.web.embedded.tomcat.TomcatWebServer - Tomcat initialized with port(s): 8081 (http)
2020-07-12 12:32:51,921 [main] INFO  org.apache.coyote.http11.Http11NioProtocol - Initializing ProtocolHandler ["http-nio-8081"]
2020-07-12 12:32:51,922 [main] INFO  org.apache.catalina.core.StandardService - Starting service [Tomcat]
2020-07-12 12:32:51,922 [main] INFO  org.apache.catalina.core.StandardEngine - Starting Servlet engine: [Apache Tomcat/9.0.31]
2020-07-12 12:32:52,173 [main] INFO  org.apache.catalina.core.ContainerBase.[Tomcat].[localhost].[/] - Initializing Spring embedded WebApplicationContext
2020-07-12 12:32:52,174 [main] INFO  org.springframework.web.context.ContextLoader - Root WebApplicationContext: initialization completed in 4378 ms
2020-07-12 12:32:54,320 [main] INFO  org.apache.catalina.core.StandardService - Stopping service [Tomcat]
2020-07-12 12:32:54,342 [main] INFO  o.s.boot.autoconfigure.logging.ConditionEvaluationReportLoggingListener - 

Error starting ApplicationContext. To display the conditions report re-run your application with 'debug' enabled.
2020-07-12 12:35:59,114 [main] INFO  com.jingriyouxi.auth.AuthApplication - The following profiles are active: dev
2020-07-12 12:36:02,154 [main] INFO  org.springframework.data.repository.config.RepositoryConfigurationDelegate - Multiple Spring Data modules found, entering strict repository configuration mode!
2020-07-12 12:36:02,159 [main] INFO  org.springframework.data.repository.config.RepositoryConfigurationDelegate - Bootstrapping Spring Data Redis repositories in DEFAULT mode.
2020-07-12 12:36:02,316 [main] INFO  org.springframework.data.repository.config.RepositoryConfigurationDelegate - Finished Spring Data repository scanning in 32ms. Found 0 Redis repository interfaces.
2020-07-12 12:36:03,850 [main] INFO  org.springframework.cloud.context.scope.GenericScope - BeanFactory id=5942cae3-4713-3e39-b884-e5c6257c4497
2020-07-12 12:36:06,535 [main] INFO  org.springframework.boot.web.embedded.tomcat.TomcatWebServer - Tomcat initialized with port(s): 8081 (http)
2020-07-12 12:36:06,573 [main] INFO  org.apache.coyote.http11.Http11NioProtocol - Initializing ProtocolHandler ["http-nio-8081"]
2020-07-12 12:36:06,575 [main] INFO  org.apache.catalina.core.StandardService - Starting service [Tomcat]
2020-07-12 12:36:06,577 [main] INFO  org.apache.catalina.core.StandardEngine - Starting Servlet engine: [Apache Tomcat/9.0.31]
2020-07-12 12:36:07,076 [main] INFO  org.apache.catalina.core.ContainerBase.[Tomcat].[localhost].[/] - Initializing Spring embedded WebApplicationContext
2020-07-12 12:36:07,077 [main] INFO  org.springframework.web.context.ContextLoader - Root WebApplicationContext: initialization completed in 7887 ms
2020-07-12 12:36:12,369 [main] INFO  com.netflix.config.sources.URLConfigurationSource - To enable URLs as dynamic configuration sources, define System property archaius.configurationSource.additionalUrls or make config.properties available on classpath.
2020-07-12 12:36:12,395 [main] INFO  com.netflix.config.sources.URLConfigurationSource - To enable URLs as dynamic configuration sources, define System property archaius.configurationSource.additionalUrls or make config.properties available on classpath.
2020-07-12 12:36:12,728 [main] INFO  org.springframework.scheduling.concurrent.ThreadPoolTaskExecutor - Initializing ExecutorService 'applicationTaskExecutor'
2020-07-12 12:36:14,170 [main] INFO  org.springframework.security.web.DefaultSecurityFilterChain - Creating filter chain: OrRequestMatcher [requestMatchers=[Ant [pattern='/auth/token'], Ant [pattern='/auth/token_key'], Ant [pattern='/auth/check_token']]], [org.springframework.security.web.context.request.async.WebAsyncManagerIntegrationFilter@1f24e33d, org.springframework.security.web.context.SecurityContextPersistenceFilter@2053b761, org.springframework.security.web.header.HeaderWriterFilter@2e015ac1, org.springframework.security.web.authentication.logout.LogoutFilter@3220833f, org.springframework.security.web.authentication.www.BasicAuthenticationFilter@1239c268, org.springframework.security.web.savedrequest.RequestCacheAwareFilter@3d01b609, org.springframework.security.web.servletapi.SecurityContextHolderAwareRequestFilter@15afebcc, org.springframework.security.web.authentication.AnonymousAuthenticationFilter@7c3223aa, org.springframework.security.web.session.SessionManagementFilter@501b296a, org.springframework.security.web.access.ExceptionTranslationFilter@2b18b308, org.springframework.security.web.access.intercept.FilterSecurityInterceptor@28941a68]
2020-07-12 12:36:14,231 [main] INFO  org.springframework.security.web.DefaultSecurityFilterChain - Creating filter chain: org.springframework.security.oauth2.config.annotation.web.configuration.ResourceServerConfiguration$NotOAuthRequestMatcher@feab3ae, [org.springframework.security.web.context.request.async.WebAsyncManagerIntegrationFilter@229fe7ab, org.springframework.security.web.context.SecurityContextPersistenceFilter@64de9fa4, org.springframework.security.web.header.HeaderWriterFilter@2396408a, org.springframework.web.filter.CorsFilter@64f2b1b4, org.springframework.security.web.authentication.logout.LogoutFilter@5f7bd970, org.springframework.security.oauth2.provider.authentication.OAuth2AuthenticationProcessingFilter@3b850bb7, org.springframework.security.web.authentication.UsernamePasswordAuthenticationFilter@29693b1d, org.springframework.security.web.savedrequest.RequestCacheAwareFilter@15a5cc6e, org.springframework.security.web.servletapi.SecurityContextHolderAwareRequestFilter@4a65c40, org.springframework.security.web.authentication.AnonymousAuthenticationFilter@11ad327f, org.springframework.security.web.session.SessionManagementFilter@3e4ead73, org.springframework.security.web.access.ExceptionTranslationFilter@4626f584, org.springframework.security.web.access.intercept.FilterSecurityInterceptor@7c013560]
2020-07-12 12:36:14,235 [main] INFO  org.springframework.security.web.DefaultSecurityFilterChain - Creating filter chain: any request, [org.springframework.security.web.context.request.async.WebAsyncManagerIntegrationFilter@3a5ffea, org.springframework.security.web.context.SecurityContextPersistenceFilter@24bdd996, org.springframework.security.web.header.HeaderWriterFilter@7505dcab, org.springframework.web.filter.CorsFilter@1d126f07, org.springframework.security.web.authentication.logout.LogoutFilter@1d4c6e32, org.springframework.security.web.savedrequest.RequestCacheAwareFilter@445b4594, org.springframework.security.web.servletapi.SecurityContextHolderAwareRequestFilter@1f602930, org.springframework.security.web.authentication.AnonymousAuthenticationFilter@71689ee2, org.springframework.security.web.session.SessionManagementFilter@6d94a966, org.springframework.security.web.access.ExceptionTranslationFilter@52b6561b]
2020-07-12 12:36:15,164 [main] INFO  org.springframework.cloud.netflix.eureka.InstanceInfoFactory - Setting initial instance status as: STARTING
2020-07-12 12:36:15,584 [main] INFO  com.netflix.discovery.DiscoveryClient - Initializing Eureka in region us-east-1
2020-07-12 12:36:16,003 [main] INFO  com.netflix.discovery.provider.DiscoveryJerseyProvider - Using JSON encoding codec LegacyJacksonJson
2020-07-12 12:36:16,004 [main] INFO  com.netflix.discovery.provider.DiscoveryJerseyProvider - Using JSON decoding codec LegacyJacksonJson
2020-07-12 12:36:16,410 [main] INFO  com.netflix.discovery.provider.DiscoveryJerseyProvider - Using XML encoding codec XStreamXml
2020-07-12 12:36:16,411 [main] INFO  com.netflix.discovery.provider.DiscoveryJerseyProvider - Using XML decoding codec XStreamXml
2020-07-12 12:36:17,385 [main] INFO  com.netflix.discovery.shared.resolver.aws.ConfigClusterResolver - Resolving eureka endpoints via configuration
2020-07-12 12:36:17,443 [main] INFO  com.netflix.discovery.DiscoveryClient - Disable delta property : false
2020-07-12 12:36:17,443 [main] INFO  com.netflix.discovery.DiscoveryClient - Single vip registry refresh property : null
2020-07-12 12:36:17,443 [main] INFO  com.netflix.discovery.DiscoveryClient - Force full registry fetch : false
2020-07-12 12:36:17,444 [main] INFO  com.netflix.discovery.DiscoveryClient - Application is null : false
2020-07-12 12:36:17,444 [main] INFO  com.netflix.discovery.DiscoveryClient - Registered Applications size is zero : true
2020-07-12 12:36:17,444 [main] INFO  com.netflix.discovery.DiscoveryClient - Application version is -1: true
2020-07-12 12:36:17,444 [main] INFO  com.netflix.discovery.DiscoveryClient - Getting all instance registry info from the eureka server
2020-07-12 12:36:17,641 [main] INFO  com.netflix.discovery.DiscoveryClient - Starting heartbeat executor: renew interval is: 30
2020-07-12 12:36:17,657 [main] INFO  com.netflix.discovery.InstanceInfoReplicator - InstanceInfoReplicator onDemand update allowed rate per min is 4
2020-07-12 12:36:17,699 [main] INFO  com.netflix.discovery.DiscoveryClient - Discovery Client initialized at timestamp 1594528577678 with initial instances count: 0
2020-07-12 12:36:17,713 [main] INFO  org.springframework.cloud.netflix.eureka.serviceregistry.EurekaServiceRegistry - Registering application AUTHOR-SERVER with eureka with status UP
2020-07-12 12:36:17,715 [main] INFO  com.netflix.discovery.DiscoveryClient - Saw local status change event StatusChangeEvent [timestamp=1594528577715, current=UP, previous=STARTING]
2020-07-12 12:36:17,718 [DiscoveryClient-InstanceInfoReplicator-0] INFO  com.netflix.discovery.DiscoveryClient - DiscoveryClient_AUTHOR-SERVER/author-server:8081:auth: registering service...
2020-07-12 12:36:17,750 [main] INFO  org.apache.coyote.http11.Http11NioProtocol - Starting ProtocolHandler ["http-nio-8081"]
2020-07-12 12:36:17,965 [main] INFO  org.springframework.boot.web.embedded.tomcat.TomcatWebServer - Tomcat started on port(s): 8081 (http) with context path ''
2020-07-12 12:36:17,970 [main] INFO  o.s.cloud.netflix.eureka.serviceregistry.EurekaAutoServiceRegistration - Updating port to 8081
2020-07-12 12:36:18,031 [main] INFO  com.jingriyouxi.auth.AuthApplication - Started AuthApplication in 22.442 seconds (JVM running for 25.416)
2020-07-12 12:36:47,645 [DiscoveryClient-CacheRefreshExecutor-0] INFO  com.netflix.discovery.DiscoveryClient - Disable delta property : false
2020-07-12 12:36:47,646 [DiscoveryClient-CacheRefreshExecutor-0] INFO  com.netflix.discovery.DiscoveryClient - Single vip registry refresh property : null
2020-07-12 12:36:47,647 [DiscoveryClient-CacheRefreshExecutor-0] INFO  com.netflix.discovery.DiscoveryClient - Force full registry fetch : false
2020-07-12 12:36:47,647 [DiscoveryClient-CacheRefreshExecutor-0] INFO  com.netflix.discovery.DiscoveryClient - Application is null : false
2020-07-12 12:36:47,647 [DiscoveryClient-CacheRefreshExecutor-0] INFO  com.netflix.discovery.DiscoveryClient - Registered Applications size is zero : true
2020-07-12 12:36:47,647 [DiscoveryClient-CacheRefreshExecutor-0] INFO  com.netflix.discovery.DiscoveryClient - Application version is -1: true
2020-07-12 12:36:47,648 [DiscoveryClient-CacheRefreshExecutor-0] INFO  com.netflix.discovery.DiscoveryClient - Getting all instance registry info from the eureka server
2020-07-12 12:36:47,736 [DiscoveryClient-InstanceInfoReplicator-0] INFO  com.netflix.discovery.DiscoveryClient - DiscoveryClient_AUTHOR-SERVER/author-server:8081:auth: registering service...
2020-07-12 12:37:17,654 [DiscoveryClient-CacheRefreshExecutor-0] INFO  com.netflix.discovery.DiscoveryClient - Disable delta property : false
2020-07-12 12:37:17,654 [DiscoveryClient-CacheRefreshExecutor-0] INFO  com.netflix.discovery.DiscoveryClient - Single vip registry refresh property : null
2020-07-12 12:37:17,654 [DiscoveryClient-CacheRefreshExecutor-0] INFO  com.netflix.discovery.DiscoveryClient - Force full registry fetch : false
2020-07-12 12:37:17,654 [DiscoveryClient-CacheRefreshExecutor-0] INFO  com.netflix.discovery.DiscoveryClient - Application is null : false
2020-07-12 12:37:17,654 [DiscoveryClient-CacheRefreshExecutor-0] INFO  com.netflix.discovery.DiscoveryClient - Registered Applications size is zero : true
2020-07-12 12:37:17,655 [DiscoveryClient-CacheRefreshExecutor-0] INFO  com.netflix.discovery.DiscoveryClient - Application version is -1: true
2020-07-12 12:37:17,655 [DiscoveryClient-CacheRefreshExecutor-0] INFO  com.netflix.discovery.DiscoveryClient - Getting all instance registry info from the eureka server
2020-07-12 12:37:17,745 [DiscoveryClient-InstanceInfoReplicator-0] INFO  com.netflix.discovery.DiscoveryClient - DiscoveryClient_AUTHOR-SERVER/author-server:8081:auth: registering service...
2020-07-12 12:37:20,061 [DiscoveryClient-HeartbeatExecutor-0] INFO  com.netflix.discovery.DiscoveryClient - DiscoveryClient_AUTHOR-SERVER/author-server:8081:auth - Re-registering apps/AUTHOR-SERVER
2020-07-12 12:37:20,063 [DiscoveryClient-HeartbeatExecutor-0] INFO  com.netflix.discovery.DiscoveryClient - DiscoveryClient_AUTHOR-SERVER/author-server:8081:auth: registering service...
2020-07-12 12:37:20,227 [DiscoveryClient-CacheRefreshExecutor-0] INFO  com.netflix.discovery.DiscoveryClient - The response status is 200
2020-07-12 12:37:20,382 [DiscoveryClient-HeartbeatExecutor-0] INFO  com.netflix.discovery.DiscoveryClient - DiscoveryClient_AUTHOR-SERVER/author-server:8081:auth - registration status: 204
2020-07-12 12:37:20,385 [DiscoveryClient-InstanceInfoReplicator-0] INFO  com.netflix.discovery.DiscoveryClient - DiscoveryClient_AUTHOR-SERVER/author-server:8081:auth - registration status: 204
2020-07-12 12:37:44,998 [http-nio-8081-exec-2] INFO  org.apache.catalina.core.ContainerBase.[Tomcat].[localhost].[/] - Initializing Spring DispatcherServlet 'dispatcherServlet'
2020-07-12 12:37:45,000 [http-nio-8081-exec-2] INFO  org.springframework.web.servlet.DispatcherServlet - Initializing Servlet 'dispatcherServlet'
2020-07-12 12:37:45,103 [http-nio-8081-exec-2] INFO  org.springframework.web.servlet.DispatcherServlet - Completed initialization in 103 ms
2020-07-12 12:37:45,484 [http-nio-8081-exec-2] INFO  com.zaxxer.hikari.HikariDataSource - MyHikariCP - Starting...
2020-07-12 12:37:46,428 [http-nio-8081-exec-2] INFO  com.zaxxer.hikari.HikariDataSource - MyHikariCP - Start completed.
2020-07-12 12:37:46,541 [http-nio-8081-exec-2] INFO  com.jingriyouxi.auth.oauth.LoginAuthenticationSuccessHandler - 【AppLoginInSuccessHandler】 onAuthenticationSuccess authentication=org.springframework.security.authentication.UsernamePasswordAuthenticationToken@a5e325f9: Principal: MyUserDetail{id='4', rememerMe=false, password='AFDD0B4AD2EC172C586E2150770FBF9E', userName='test3', userType=SYSTEM, authorities=[]}; Credentials: [PROTECTED]; Authenticated: true; Details: org.springframework.security.web.authentication.WebAuthenticationDetails@b364: RemoteIpAddress: 0:0:0:0:0:0:0:1; SessionId: null; Not granted any authorities
2020-07-12 12:37:47,138 [http-nio-8081-exec-2] INFO  io.lettuce.core.EpollProvider - Starting without optional epoll library
2020-07-12 12:37:47,143 [http-nio-8081-exec-2] INFO  io.lettuce.core.KqueueProvider - Starting without optional kqueue library
2020-07-12 12:37:50,242 [DiscoveryClient-CacheRefreshExecutor-0] INFO  com.netflix.discovery.DiscoveryClient - Disable delta property : false
2020-07-12 12:37:50,242 [DiscoveryClient-CacheRefreshExecutor-0] INFO  com.netflix.discovery.DiscoveryClient - Single vip registry refresh property : null
2020-07-12 12:37:50,242 [DiscoveryClient-CacheRefreshExecutor-0] INFO  com.netflix.discovery.DiscoveryClient - Force full registry fetch : false
2020-07-12 12:37:50,242 [DiscoveryClient-CacheRefreshExecutor-0] INFO  com.netflix.discovery.DiscoveryClient - Application is null : false
2020-07-12 12:37:50,242 [DiscoveryClient-CacheRefreshExecutor-0] INFO  com.netflix.discovery.DiscoveryClient - Registered Applications size is zero : true
2020-07-12 12:37:50,243 [DiscoveryClient-CacheRefreshExecutor-0] INFO  com.netflix.discovery.DiscoveryClient - Application version is -1: false
2020-07-12 12:37:50,243 [DiscoveryClient-CacheRefreshExecutor-0] INFO  com.netflix.discovery.DiscoveryClient - Getting all instance registry info from the eureka server
2020-07-12 12:37:50,369 [DiscoveryClient-CacheRefreshExecutor-0] INFO  com.netflix.discovery.DiscoveryClient - The response status is 200
2020-07-12 12:41:17,448 [AsyncResolver-bootstrap-executor-0] INFO  com.netflix.discovery.shared.resolver.aws.ConfigClusterResolver - Resolving eureka endpoints via configuration
2020-07-12 12:46:17,449 [AsyncResolver-bootstrap-executor-0] INFO  com.netflix.discovery.shared.resolver.aws.ConfigClusterResolver - Resolving eureka endpoints via configuration
2020-07-12 12:52:34,368 [AsyncResolver-bootstrap-executor-0] INFO  com.netflix.discovery.shared.resolver.aws.ConfigClusterResolver - Resolving eureka endpoints via configuration
2020-07-12 16:03:50,937 [main] INFO  com.jingriyouxi.auth.AuthApplication - The following profiles are active: dev
2020-07-12 16:03:54,191 [main] INFO  org.springframework.data.repository.config.RepositoryConfigurationDelegate - Multiple Spring Data modules found, entering strict repository configuration mode!
2020-07-12 16:03:54,200 [main] INFO  org.springframework.data.repository.config.RepositoryConfigurationDelegate - Bootstrapping Spring Data Redis repositories in DEFAULT mode.
2020-07-12 16:03:54,315 [main] INFO  org.springframework.data.repository.config.RepositoryConfigurationDelegate - Finished Spring Data repository scanning in 34ms. Found 0 Redis repository interfaces.
2020-07-12 16:03:55,736 [main] INFO  org.springframework.cloud.context.scope.GenericScope - BeanFactory id=5942cae3-4713-3e39-b884-e5c6257c4497
2020-07-12 16:03:58,352 [main] INFO  org.springframework.boot.web.embedded.tomcat.TomcatWebServer - Tomcat initialized with port(s): 8081 (http)
2020-07-12 16:03:58,377 [main] INFO  org.apache.coyote.http11.Http11NioProtocol - Initializing ProtocolHandler ["http-nio-8081"]
2020-07-12 16:03:58,380 [main] INFO  org.apache.catalina.core.StandardService - Starting service [Tomcat]
2020-07-12 16:03:58,381 [main] INFO  org.apache.catalina.core.StandardEngine - Starting Servlet engine: [Apache Tomcat/9.0.31]
2020-07-12 16:03:58,776 [main] INFO  org.apache.catalina.core.ContainerBase.[Tomcat].[localhost].[/] - Initializing Spring embedded WebApplicationContext
2020-07-12 16:03:58,792 [main] INFO  org.springframework.web.context.ContextLoader - Root WebApplicationContext: initialization completed in 7753 ms
2020-07-12 16:04:03,881 [main] INFO  com.netflix.config.sources.URLConfigurationSource - To enable URLs as dynamic configuration sources, define System property archaius.configurationSource.additionalUrls or make config.properties available on classpath.
2020-07-12 16:04:03,897 [main] INFO  com.netflix.config.sources.URLConfigurationSource - To enable URLs as dynamic configuration sources, define System property archaius.configurationSource.additionalUrls or make config.properties available on classpath.
2020-07-12 16:04:04,387 [main] INFO  org.springframework.scheduling.concurrent.ThreadPoolTaskExecutor - Initializing ExecutorService 'applicationTaskExecutor'
2020-07-12 16:04:05,488 [main] INFO  org.springframework.security.web.DefaultSecurityFilterChain - Creating filter chain: OrRequestMatcher [requestMatchers=[Ant [pattern='/auth/token'], Ant [pattern='/auth/token_key'], Ant [pattern='/auth/check_token']]], [org.springframework.security.web.context.request.async.WebAsyncManagerIntegrationFilter@7a85454b, org.springframework.security.web.context.SecurityContextPersistenceFilter@34f32575, org.springframework.security.web.header.HeaderWriterFilter@341889a1, org.springframework.security.web.authentication.logout.LogoutFilter@f2b4303, org.springframework.security.web.authentication.www.BasicAuthenticationFilter@13087c75, org.springframework.security.web.savedrequest.RequestCacheAwareFilter@7c013560, org.springframework.security.web.servletapi.SecurityContextHolderAwareRequestFilter@6771fc29, org.springframework.security.web.authentication.AnonymousAuthenticationFilter@3ecbfba1, org.springframework.security.web.session.SessionManagementFilter@3a225534, org.springframework.security.web.access.ExceptionTranslationFilter@3b850bb7, org.springframework.security.web.access.intercept.FilterSecurityInterceptor@4d071e4b]
2020-07-12 16:04:05,529 [main] INFO  org.springframework.security.web.DefaultSecurityFilterChain - Creating filter chain: org.springframework.security.oauth2.config.annotation.web.configuration.ResourceServerConfiguration$NotOAuthRequestMatcher@57283fac, [org.springframework.security.web.context.request.async.WebAsyncManagerIntegrationFilter@4d745ac6, org.springframework.security.web.context.SecurityContextPersistenceFilter@2082e0e4, org.springframework.security.web.header.HeaderWriterFilter@1185b0b7, org.springframework.web.filter.CorsFilter@6e54bef6, org.springframework.security.web.authentication.logout.LogoutFilter@28b4b10e, org.springframework.security.oauth2.provider.authentication.OAuth2AuthenticationProcessingFilter@514b247b, org.springframework.security.web.authentication.UsernamePasswordAuthenticationFilter@18cb4ed1, org.springframework.security.web.savedrequest.RequestCacheAwareFilter@15f229e8, org.springframework.security.web.servletapi.SecurityContextHolderAwareRequestFilter@29ce33e9, org.springframework.security.web.authentication.AnonymousAuthenticationFilter@7dcc0296, org.springframework.security.web.session.SessionManagementFilter@ec70725, org.springframework.security.web.access.ExceptionTranslationFilter@3881b884, org.springframework.security.web.access.intercept.FilterSecurityInterceptor@6e5fba90]
2020-07-12 16:04:05,532 [main] INFO  org.springframework.security.web.DefaultSecurityFilterChain - Creating filter chain: any request, [org.springframework.security.web.context.request.async.WebAsyncManagerIntegrationFilter@2fbb098f, org.springframework.security.web.context.SecurityContextPersistenceFilter@5315210d, org.springframework.security.web.header.HeaderWriterFilter@6560f387, org.springframework.web.filter.CorsFilter@7866a7a6, org.springframework.security.web.authentication.logout.LogoutFilter@6b6e2c83, org.springframework.security.web.savedrequest.RequestCacheAwareFilter@3f5f79d8, org.springframework.security.web.servletapi.SecurityContextHolderAwareRequestFilter@5dc1597f, org.springframework.security.web.authentication.AnonymousAuthenticationFilter@2262bc86, org.springframework.security.web.session.SessionManagementFilter@6a24c41d, org.springframework.security.web.access.ExceptionTranslationFilter@4bc4ec43]
2020-07-12 16:04:06,558 [main] INFO  org.springframework.cloud.netflix.eureka.InstanceInfoFactory - Setting initial instance status as: STARTING
2020-07-12 16:04:06,938 [main] INFO  com.netflix.discovery.DiscoveryClient - Initializing Eureka in region us-east-1
2020-07-12 16:04:07,372 [main] INFO  com.netflix.discovery.provider.DiscoveryJerseyProvider - Using JSON encoding codec LegacyJacksonJson
2020-07-12 16:04:07,373 [main] INFO  com.netflix.discovery.provider.DiscoveryJerseyProvider - Using JSON decoding codec LegacyJacksonJson
2020-07-12 16:04:07,805 [main] INFO  com.netflix.discovery.provider.DiscoveryJerseyProvider - Using XML encoding codec XStreamXml
2020-07-12 16:04:07,807 [main] INFO  com.netflix.discovery.provider.DiscoveryJerseyProvider - Using XML decoding codec XStreamXml
2020-07-12 16:04:08,947 [main] INFO  com.netflix.discovery.shared.resolver.aws.ConfigClusterResolver - Resolving eureka endpoints via configuration
2020-07-12 16:04:09,162 [main] INFO  com.netflix.discovery.DiscoveryClient - Disable delta property : false
2020-07-12 16:04:09,164 [main] INFO  com.netflix.discovery.DiscoveryClient - Single vip registry refresh property : null
2020-07-12 16:04:09,165 [main] INFO  com.netflix.discovery.DiscoveryClient - Force full registry fetch : false
2020-07-12 16:04:09,165 [main] INFO  com.netflix.discovery.DiscoveryClient - Application is null : false
2020-07-12 16:04:09,165 [main] INFO  com.netflix.discovery.DiscoveryClient - Registered Applications size is zero : true
2020-07-12 16:04:09,166 [main] INFO  com.netflix.discovery.DiscoveryClient - Application version is -1: true
2020-07-12 16:04:09,166 [main] INFO  com.netflix.discovery.DiscoveryClient - Getting all instance registry info from the eureka server
2020-07-12 16:04:10,730 [main] INFO  com.netflix.discovery.DiscoveryClient - The response status is 200
2020-07-12 16:04:10,733 [main] INFO  com.netflix.discovery.DiscoveryClient - Starting heartbeat executor: renew interval is: 30
2020-07-12 16:04:10,739 [main] INFO  com.netflix.discovery.InstanceInfoReplicator - InstanceInfoReplicator onDemand update allowed rate per min is 4
2020-07-12 16:04:10,746 [main] INFO  com.netflix.discovery.DiscoveryClient - Discovery Client initialized at timestamp 1594541050744 with initial instances count: 0
2020-07-12 16:04:10,760 [main] INFO  org.springframework.cloud.netflix.eureka.serviceregistry.EurekaServiceRegistry - Registering application AUTHOR-SERVER with eureka with status UP
2020-07-12 16:04:10,762 [main] INFO  com.netflix.discovery.DiscoveryClient - Saw local status change event StatusChangeEvent [timestamp=1594541050762, current=UP, previous=STARTING]
2020-07-12 16:04:10,777 [DiscoveryClient-InstanceInfoReplicator-0] INFO  com.netflix.discovery.DiscoveryClient - DiscoveryClient_AUTHOR-SERVER/author-server:8081:auth: registering service...
2020-07-12 16:04:10,833 [main] INFO  org.apache.coyote.http11.Http11NioProtocol - Starting ProtocolHandler ["http-nio-8081"]
2020-07-12 16:04:11,247 [main] INFO  org.springframework.boot.web.embedded.tomcat.TomcatWebServer - Tomcat started on port(s): 8081 (http) with context path ''
2020-07-12 16:04:11,248 [main] INFO  o.s.cloud.netflix.eureka.serviceregistry.EurekaAutoServiceRegistration - Updating port to 8081
2020-07-12 16:04:11,264 [main] INFO  com.jingriyouxi.auth.AuthApplication - Started AuthApplication in 23.006 seconds (JVM running for 25.133)
2020-07-12 16:04:11,532 [DiscoveryClient-InstanceInfoReplicator-0] INFO  com.netflix.discovery.DiscoveryClient - DiscoveryClient_AUTHOR-SERVER/author-server:8081:auth - registration status: 204
2020-07-12 16:04:20,991 [http-nio-8081-exec-2] INFO  org.apache.catalina.core.ContainerBase.[Tomcat].[localhost].[/] - Initializing Spring DispatcherServlet 'dispatcherServlet'
2020-07-12 16:04:20,991 [http-nio-8081-exec-2] INFO  org.springframework.web.servlet.DispatcherServlet - Initializing Servlet 'dispatcherServlet'
2020-07-12 16:04:21,016 [http-nio-8081-exec-2] INFO  org.springframework.web.servlet.DispatcherServlet - Completed initialization in 24 ms
2020-07-12 16:04:21,313 [http-nio-8081-exec-2] INFO  com.zaxxer.hikari.HikariDataSource - MyHikariCP - Starting...
2020-07-12 16:04:21,838 [http-nio-8081-exec-2] INFO  com.zaxxer.hikari.HikariDataSource - MyHikariCP - Start completed.
2020-07-12 16:04:21,932 [http-nio-8081-exec-2] INFO  com.jingriyouxi.auth.oauth.LoginAuthenticationSuccessHandler - 【AppLoginInSuccessHandler】 onAuthenticationSuccess authentication=org.springframework.security.authentication.UsernamePasswordAuthenticationToken@c22981a1: Principal: MyUserDetail{id='4', rememerMe=false, password='AFDD0B4AD2EC172C586E2150770FBF9E', userName='test3', userType=SYSTEM, authorities=[]}; Credentials: [PROTECTED]; Authenticated: true; Details: org.springframework.security.web.authentication.WebAuthenticationDetails@b364: RemoteIpAddress: 0:0:0:0:0:0:0:1; SessionId: null; Not granted any authorities
2020-07-12 16:04:22,439 [http-nio-8081-exec-2] INFO  io.lettuce.core.EpollProvider - Starting without optional epoll library
2020-07-12 16:04:22,444 [http-nio-8081-exec-2] INFO  io.lettuce.core.KqueueProvider - Starting without optional kqueue library
2020-07-12 16:04:40,735 [DiscoveryClient-CacheRefreshExecutor-0] INFO  com.netflix.discovery.DiscoveryClient - Disable delta property : false
2020-07-12 16:04:40,735 [DiscoveryClient-CacheRefreshExecutor-0] INFO  com.netflix.discovery.DiscoveryClient - Single vip registry refresh property : null
2020-07-12 16:04:40,735 [DiscoveryClient-CacheRefreshExecutor-0] INFO  com.netflix.discovery.DiscoveryClient - Force full registry fetch : false
2020-07-12 16:04:40,735 [DiscoveryClient-CacheRefreshExecutor-0] INFO  com.netflix.discovery.DiscoveryClient - Application is null : false
2020-07-12 16:04:40,735 [DiscoveryClient-CacheRefreshExecutor-0] INFO  com.netflix.discovery.DiscoveryClient - Registered Applications size is zero : true
2020-07-12 16:04:40,736 [DiscoveryClient-CacheRefreshExecutor-0] INFO  com.netflix.discovery.DiscoveryClient - Application version is -1: false
2020-07-12 16:04:40,736 [DiscoveryClient-CacheRefreshExecutor-0] INFO  com.netflix.discovery.DiscoveryClient - Getting all instance registry info from the eureka server
2020-07-12 16:04:40,847 [DiscoveryClient-CacheRefreshExecutor-0] INFO  com.netflix.discovery.DiscoveryClient - The response status is 200
2020-07-12 16:09:09,171 [AsyncResolver-bootstrap-executor-0] INFO  com.netflix.discovery.shared.resolver.aws.ConfigClusterResolver - Resolving eureka endpoints via configuration
2020-07-12 16:14:09,173 [AsyncResolver-bootstrap-executor-0] INFO  com.netflix.discovery.shared.resolver.aws.ConfigClusterResolver - Resolving eureka endpoints via configuration
2020-07-12 16:19:09,178 [AsyncResolver-bootstrap-executor-0] INFO  com.netflix.discovery.shared.resolver.aws.ConfigClusterResolver - Resolving eureka endpoints via configuration
2020-07-12 16:19:10,877 [http-nio-8081-exec-5] INFO  com.jingriyouxi.auth.oauth.LoginAuthenticationSuccessHandler - 【AppLoginInSuccessHandler】 onAuthenticationSuccess authentication=org.springframework.security.authentication.UsernamePasswordAuthenticationToken@af437789: Principal: MyUserDetail{id='4', rememerMe=false, password='AFDD0B4AD2EC172C586E2150770FBF9E', userName='test3', userType=SYSTEM, authorities=[]}; Credentials: [PROTECTED]; Authenticated: true; Details: org.springframework.security.web.authentication.WebAuthenticationDetails@b364: RemoteIpAddress: 0:0:0:0:0:0:0:1; SessionId: null; Not granted any authorities
2020-07-12 16:21:34,493 [http-nio-8081-exec-7] INFO  com.jingriyouxi.auth.oauth.LoginAuthenticationSuccessHandler - 【AppLoginInSuccessHandler】 onAuthenticationSuccess authentication=org.springframework.security.authentication.UsernamePasswordAuthenticationToken@8244cc1a: Principal: MyUserDetail{id='4', rememerMe=false, password='AFDD0B4AD2EC172C586E2150770FBF9E', userName='test3', userType=SYSTEM, authorities=[com.jinriyouxi.security.domain.RPermission@7b0cefdd]}; Credentials: [PROTECTED]; Authenticated: true; Details: org.springframework.security.web.authentication.WebAuthenticationDetails@b364: RemoteIpAddress: 0:0:0:0:0:0:0:1; SessionId: null; Granted Authorities: com.jinriyouxi.security.domain.RPermission@7b0cefdd
2020-07-12 16:24:09,179 [AsyncResolver-bootstrap-executor-0] INFO  com.netflix.discovery.shared.resolver.aws.ConfigClusterResolver - Resolving eureka endpoints via configuration
2020-07-12 16:27:20,126 [SpringContextShutdownHook] INFO  org.springframework.cloud.netflix.eureka.serviceregistry.EurekaServiceRegistry - Unregistering application AUTHOR-SERVER with eureka with status DOWN
2020-07-12 16:27:20,132 [DiscoveryClient-InstanceInfoReplicator-0] INFO  com.netflix.discovery.DiscoveryClient - DiscoveryClient_AUTHOR-SERVER/author-server:8081:auth: registering service...
2020-07-12 16:27:20,159 [DiscoveryClient-InstanceInfoReplicator-0] INFO  com.netflix.discovery.DiscoveryClient - DiscoveryClient_AUTHOR-SERVER/author-server:8081:auth - registration status: 204
2020-07-12 16:27:20,173 [SpringContextShutdownHook] INFO  org.springframework.scheduling.concurrent.ThreadPoolTaskExecutor - Shutting down ExecutorService 'applicationTaskExecutor'
2020-07-12 16:27:20,443 [SpringContextShutdownHook] INFO  com.zaxxer.hikari.HikariDataSource - MyHikariCP - Shutdown initiated...
2020-07-12 16:27:20,479 [SpringContextShutdownHook] INFO  com.zaxxer.hikari.HikariDataSource - MyHikariCP - Shutdown completed.
2020-07-12 16:27:20,482 [SpringContextShutdownHook] INFO  com.netflix.discovery.DiscoveryClient - Shutting down DiscoveryClient ...
2020-07-12 16:27:23,486 [SpringContextShutdownHook] INFO  com.netflix.discovery.DiscoveryClient - Unregistering ...
2020-07-12 16:27:23,493 [SpringContextShutdownHook] INFO  com.netflix.discovery.DiscoveryClient - DiscoveryClient_AUTHOR-SERVER/author-server:8081:auth - deregister  status: 200
2020-07-12 16:27:23,517 [SpringContextShutdownHook] INFO  com.netflix.discovery.DiscoveryClient - Completed shut down of DiscoveryClient
2020-07-12 16:27:30,866 [main] INFO  com.jingriyouxi.auth.AuthApplication - The following profiles are active: dev
2020-07-12 16:27:33,634 [main] INFO  org.springframework.data.repository.config.RepositoryConfigurationDelegate - Multiple Spring Data modules found, entering strict repository configuration mode!
2020-07-12 16:27:33,641 [main] INFO  org.springframework.data.repository.config.RepositoryConfigurationDelegate - Bootstrapping Spring Data Redis repositories in DEFAULT mode.
2020-07-12 16:27:33,731 [main] INFO  org.springframework.data.repository.config.RepositoryConfigurationDelegate - Finished Spring Data repository scanning in 37ms. Found 0 Redis repository interfaces.
2020-07-12 16:27:34,941 [main] INFO  org.springframework.cloud.context.scope.GenericScope - BeanFactory id=5942cae3-4713-3e39-b884-e5c6257c4497
2020-07-12 16:27:37,609 [main] INFO  org.springframework.boot.web.embedded.tomcat.TomcatWebServer - Tomcat initialized with port(s): 8081 (http)
2020-07-12 16:27:37,661 [main] INFO  org.apache.coyote.http11.Http11NioProtocol - Initializing ProtocolHandler ["http-nio-8081"]
2020-07-12 16:27:37,673 [main] INFO  org.apache.catalina.core.StandardService - Starting service [Tomcat]
2020-07-12 16:27:37,674 [main] INFO  org.apache.catalina.core.StandardEngine - Starting Servlet engine: [Apache Tomcat/9.0.31]
2020-07-12 16:27:38,015 [main] INFO  org.apache.catalina.core.ContainerBase.[Tomcat].[localhost].[/] - Initializing Spring embedded WebApplicationContext
2020-07-12 16:27:38,016 [main] INFO  org.springframework.web.context.ContextLoader - Root WebApplicationContext: initialization completed in 7072 ms
2020-07-12 16:27:41,340 [main] INFO  com.netflix.config.sources.URLConfigurationSource - To enable URLs as dynamic configuration sources, define System property archaius.configurationSource.additionalUrls or make config.properties available on classpath.
2020-07-12 16:27:41,353 [main] INFO  com.netflix.config.sources.URLConfigurationSource - To enable URLs as dynamic configuration sources, define System property archaius.configurationSource.additionalUrls or make config.properties available on classpath.
2020-07-12 16:27:41,611 [main] INFO  org.springframework.scheduling.concurrent.ThreadPoolTaskExecutor - Initializing ExecutorService 'applicationTaskExecutor'
2020-07-12 16:27:42,461 [main] INFO  org.springframework.security.web.DefaultSecurityFilterChain - Creating filter chain: OrRequestMatcher [requestMatchers=[Ant [pattern='/auth/token'], Ant [pattern='/auth/token_key'], Ant [pattern='/auth/check_token']]], [org.springframework.security.web.context.request.async.WebAsyncManagerIntegrationFilter@2b441609, org.springframework.security.web.context.SecurityContextPersistenceFilter@164db8f0, org.springframework.security.web.header.HeaderWriterFilter@6b30ff23, org.springframework.security.web.authentication.logout.LogoutFilter@167f9043, org.springframework.security.web.authentication.www.BasicAuthenticationFilter@3cd89c72, org.springframework.security.web.savedrequest.RequestCacheAwareFilter@21f0cc97, org.springframework.security.web.servletapi.SecurityContextHolderAwareRequestFilter@626ff077, org.springframework.security.web.authentication.AnonymousAuthenticationFilter@22f7bf36, org.springframework.security.web.session.SessionManagementFilter@5ace6611, org.springframework.security.web.access.ExceptionTranslationFilter@6b9fc5c7, org.springframework.security.web.access.intercept.FilterSecurityInterceptor@70dd79f7]
2020-07-12 16:27:42,493 [main] INFO  org.springframework.security.web.DefaultSecurityFilterChain - Creating filter chain: org.springframework.security.oauth2.config.annotation.web.configuration.ResourceServerConfiguration$NotOAuthRequestMatcher@75973f7a, [org.springframework.security.web.context.request.async.WebAsyncManagerIntegrationFilter@7940b729, org.springframework.security.web.context.SecurityContextPersistenceFilter@7a85454b, org.springframework.security.web.header.HeaderWriterFilter@1a99692, org.springframework.web.filter.CorsFilter@527d1fe1, org.springframework.security.web.authentication.logout.LogoutFilter@4d0d568f, org.springframework.security.oauth2.provider.authentication.OAuth2AuthenticationProcessingFilter@3123ba75, org.springframework.security.web.authentication.UsernamePasswordAuthenticationFilter@22a22f1, org.springframework.security.web.savedrequest.RequestCacheAwareFilter@3ecbfba1, org.springframework.security.web.servletapi.SecurityContextHolderAwareRequestFilter@739be7ec, org.springframework.security.web.authentication.AnonymousAuthenticationFilter@24fb752f, org.springframework.security.web.session.SessionManagementFilter@2a0881f1, org.springframework.security.web.access.ExceptionTranslationFilter@5192b301, org.springframework.security.web.access.intercept.FilterSecurityInterceptor@52b49891]
2020-07-12 16:27:42,499 [main] INFO  org.springframework.security.web.DefaultSecurityFilterChain - Creating filter chain: any request, [org.springframework.security.web.context.request.async.WebAsyncManagerIntegrationFilter@6e54bef6, org.springframework.security.web.context.SecurityContextPersistenceFilter@628f0936, org.springframework.security.web.header.HeaderWriterFilter@10abd94f, org.springframework.web.filter.CorsFilter@7dcc0296, org.springframework.security.web.authentication.logout.LogoutFilter@4d745ac6, org.springframework.security.web.savedrequest.RequestCacheAwareFilter@20706e70, org.springframework.security.web.servletapi.SecurityContextHolderAwareRequestFilter@6e5fba90, org.springframework.security.web.authentication.AnonymousAuthenticationFilter@6b8f87dc, org.springframework.security.web.session.SessionManagementFilter@47bfde21, org.springframework.security.web.access.ExceptionTranslationFilter@18cb4ed1]
2020-07-12 16:27:43,285 [main] INFO  org.springframework.cloud.netflix.eureka.InstanceInfoFactory - Setting initial instance status as: STARTING
2020-07-12 16:27:43,627 [main] INFO  com.netflix.discovery.DiscoveryClient - Initializing Eureka in region us-east-1
2020-07-12 16:27:44,093 [main] INFO  com.netflix.discovery.provider.DiscoveryJerseyProvider - Using JSON encoding codec LegacyJacksonJson
2020-07-12 16:27:44,094 [main] INFO  com.netflix.discovery.provider.DiscoveryJerseyProvider - Using JSON decoding codec LegacyJacksonJson
2020-07-12 16:27:44,507 [main] INFO  com.netflix.discovery.provider.DiscoveryJerseyProvider - Using XML encoding codec XStreamXml
2020-07-12 16:27:44,508 [main] INFO  com.netflix.discovery.provider.DiscoveryJerseyProvider - Using XML decoding codec XStreamXml
2020-07-12 16:27:45,022 [main] INFO  com.netflix.discovery.shared.resolver.aws.ConfigClusterResolver - Resolving eureka endpoints via configuration
2020-07-12 16:27:45,064 [main] INFO  com.netflix.discovery.DiscoveryClient - Disable delta property : false
2020-07-12 16:27:45,064 [main] INFO  com.netflix.discovery.DiscoveryClient - Single vip registry refresh property : null
2020-07-12 16:27:45,065 [main] INFO  com.netflix.discovery.DiscoveryClient - Force full registry fetch : false
2020-07-12 16:27:45,065 [main] INFO  com.netflix.discovery.DiscoveryClient - Application is null : false
2020-07-12 16:27:45,065 [main] INFO  com.netflix.discovery.DiscoveryClient - Registered Applications size is zero : true
2020-07-12 16:27:45,065 [main] INFO  com.netflix.discovery.DiscoveryClient - Application version is -1: true
2020-07-12 16:27:45,065 [main] INFO  com.netflix.discovery.DiscoveryClient - Getting all instance registry info from the eureka server
2020-07-12 16:27:45,623 [main] INFO  com.netflix.discovery.DiscoveryClient - The response status is 200
2020-07-12 16:27:45,628 [main] INFO  com.netflix.discovery.DiscoveryClient - Starting heartbeat executor: renew interval is: 30
2020-07-12 16:27:45,632 [main] INFO  com.netflix.discovery.InstanceInfoReplicator - InstanceInfoReplicator onDemand update allowed rate per min is 4
2020-07-12 16:27:45,642 [main] INFO  com.netflix.discovery.DiscoveryClient - Discovery Client initialized at timestamp 1594542465640 with initial instances count: 1
2020-07-12 16:27:45,647 [main] INFO  org.springframework.cloud.netflix.eureka.serviceregistry.EurekaServiceRegistry - Registering application AUTH-SERVER with eureka with status UP
2020-07-12 16:27:45,648 [main] INFO  com.netflix.discovery.DiscoveryClient - Saw local status change event StatusChangeEvent [timestamp=1594542465648, current=UP, previous=STARTING]
2020-07-12 16:27:45,652 [DiscoveryClient-InstanceInfoReplicator-0] INFO  com.netflix.discovery.DiscoveryClient - DiscoveryClient_AUTH-SERVER/auth-server:8081:auth: registering service...
2020-07-12 16:27:45,696 [main] INFO  org.apache.coyote.http11.Http11NioProtocol - Starting ProtocolHandler ["http-nio-8081"]
2020-07-12 16:27:45,708 [DiscoveryClient-InstanceInfoReplicator-0] INFO  com.netflix.discovery.DiscoveryClient - DiscoveryClient_AUTH-SERVER/auth-server:8081:auth - registration status: 204
2020-07-12 16:27:45,785 [main] INFO  org.springframework.boot.web.embedded.tomcat.TomcatWebServer - Tomcat started on port(s): 8081 (http) with context path ''
2020-07-12 16:27:45,792 [main] INFO  o.s.cloud.netflix.eureka.serviceregistry.EurekaAutoServiceRegistration - Updating port to 8081
2020-07-12 16:27:45,802 [main] INFO  com.jingriyouxi.auth.AuthApplication - Started AuthApplication in 17.991 seconds (JVM running for 21.18)
2020-07-12 16:30:20,577 [http-nio-8081-exec-1] INFO  org.apache.catalina.core.ContainerBase.[Tomcat].[localhost].[/] - Initializing Spring DispatcherServlet 'dispatcherServlet'
2020-07-12 16:30:20,579 [http-nio-8081-exec-1] INFO  org.springframework.web.servlet.DispatcherServlet - Initializing Servlet 'dispatcherServlet'
2020-07-12 16:30:20,686 [http-nio-8081-exec-1] INFO  org.springframework.web.servlet.DispatcherServlet - Completed initialization in 106 ms
2020-07-12 16:30:21,155 [http-nio-8081-exec-1] INFO  com.zaxxer.hikari.HikariDataSource - MyHikariCP - Starting...
2020-07-12 16:30:21,736 [http-nio-8081-exec-1] INFO  com.zaxxer.hikari.HikariDataSource - MyHikariCP - Start completed.
2020-07-12 16:30:21,821 [http-nio-8081-exec-1] INFO  com.jingriyouxi.auth.oauth.LoginAuthenticationSuccessHandler - 【AppLoginInSuccessHandler】 onAuthenticationSuccess authentication=org.springframework.security.authentication.UsernamePasswordAuthenticationToken@eb1515e3: Principal: MyUserDetail{id='4', rememerMe=false, password='AFDD0B4AD2EC172C586E2150770FBF9E', userName='test3', userType=SYSTEM, authorities=[com.jinriyouxi.security.domain.RPermission@1aa4483]}; Credentials: [PROTECTED]; Authenticated: true; Details: org.springframework.security.web.authentication.WebAuthenticationDetails@957e: RemoteIpAddress: 127.0.0.1; SessionId: null; Granted Authorities: com.jinriyouxi.security.domain.RPermission@1aa4483
2020-07-12 16:30:22,273 [http-nio-8081-exec-1] INFO  io.lettuce.core.EpollProvider - Starting without optional epoll library
2020-07-12 16:30:22,276 [http-nio-8081-exec-1] INFO  io.lettuce.core.KqueueProvider - Starting without optional kqueue library
2020-07-12 16:31:04,498 [http-nio-8081-exec-2] INFO  com.jingriyouxi.auth.oauth.LoginAuthenticationSuccessHandler - 【AppLoginInSuccessHandler】 onAuthenticationSuccess authentication=org.springframework.security.authentication.UsernamePasswordAuthenticationToken@c2cf0367: Principal: MyUserDetail{id='4', rememerMe=false, password='AFDD0B4AD2EC172C586E2150770FBF9E', userName='test3', userType=SYSTEM, authorities=[com.jinriyouxi.security.domain.RPermission@1423c39e]}; Credentials: [PROTECTED]; Authenticated: true; Details: org.springframework.security.web.authentication.WebAuthenticationDetails@957e: RemoteIpAddress: 127.0.0.1; SessionId: null; Granted Authorities: com.jinriyouxi.security.domain.RPermission@1423c39e
2020-07-12 16:32:45,072 [AsyncResolver-bootstrap-executor-0] INFO  com.netflix.discovery.shared.resolver.aws.ConfigClusterResolver - Resolving eureka endpoints via configuration
2020-07-12 16:37:45,076 [AsyncResolver-bootstrap-executor-0] INFO  com.netflix.discovery.shared.resolver.aws.ConfigClusterResolver - Resolving eureka endpoints via configuration
2020-07-12 16:42:45,078 [AsyncResolver-bootstrap-executor-0] INFO  com.netflix.discovery.shared.resolver.aws.ConfigClusterResolver - Resolving eureka endpoints via configuration
2020-07-12 16:47:45,079 [AsyncResolver-bootstrap-executor-0] INFO  com.netflix.discovery.shared.resolver.aws.ConfigClusterResolver - Resolving eureka endpoints via configuration
2020-07-12 16:52:45,081 [AsyncResolver-bootstrap-executor-0] INFO  com.netflix.discovery.shared.resolver.aws.ConfigClusterResolver - Resolving eureka endpoints via configuration
2020-07-12 16:57:45,081 [AsyncResolver-bootstrap-executor-0] INFO  com.netflix.discovery.shared.resolver.aws.ConfigClusterResolver - Resolving eureka endpoints via configuration
2020-07-12 17:02:45,086 [AsyncResolver-bootstrap-executor-0] INFO  com.netflix.discovery.shared.resolver.aws.ConfigClusterResolver - Resolving eureka endpoints via configuration
2020-07-12 17:07:45,086 [AsyncResolver-bootstrap-executor-0] INFO  com.netflix.discovery.shared.resolver.aws.ConfigClusterResolver - Resolving eureka endpoints via configuration
2020-07-12 17:12:45,090 [AsyncResolver-bootstrap-executor-0] INFO  com.netflix.discovery.shared.resolver.aws.ConfigClusterResolver - Resolving eureka endpoints via configuration
2020-07-12 17:17:45,093 [AsyncResolver-bootstrap-executor-0] INFO  com.netflix.discovery.shared.resolver.aws.ConfigClusterResolver - Resolving eureka endpoints via configuration
2020-07-12 17:22:45,096 [AsyncResolver-bootstrap-executor-0] INFO  com.netflix.discovery.shared.resolver.aws.ConfigClusterResolver - Resolving eureka endpoints via configuration
